{
  "RSpec": {
    "coverage": {
      "/Users/laqueel/LaquerEric/GitHub/rails-route-extractor/lib/rails_route_extractor/cli.rb": {
        "lines": [
          null,
          null,
          1,
          1,
          null,
          1,
          1,
          1,
          null,
          1,
          1,
          null,
          1,
          1,
          1,
          1,
          1,
          1,
          1,
          6,
          null,
          6,
          null,
          null,
          6,
          null,
          6,
          6,
          6,
          6,
          null,
          0,
          0,
          null,
          null,
          0,
          0,
          0,
          null,
          null,
          null,
          1,
          1,
          1,
          1,
          1,
          1,
          1,
          2,
          null,
          2,
          2,
          null,
          null,
          2,
          null,
          2,
          2,
          2,
          2,
          2,
          null,
          0,
          0,
          null,
          null,
          0,
          0,
          0,
          null,
          null,
          null,
          1,
          1,
          1,
          1,
          2,
          null,
          null,
          2,
          null,
          2,
          0,
          null,
          null,
          2,
          null,
          0,
          null,
          0,
          null,
          2,
          null,
          null,
          0,
          0,
          0,
          null,
          null,
          null,
          1,
          1,
          2,
          null,
          null,
          2,
          null,
          2,
          2,
          2,
          2,
          2,
          2,
          2,
          null,
          2,
          0,
          0,
          0,
          0,
          null,
          null,
          null,
          0,
          0,
          null,
          null,
          0,
          0,
          0,
          null,
          null,
          null,
          1,
          1,
          1,
          1,
          0,
          null,
          null,
          0,
          null,
          0,
          0,
          0,
          null,
          0,
          0,
          null,
          null,
          0,
          0,
          0,
          null,
          null,
          null,
          1,
          1,
          0,
          null,
          null,
          1,
          null,
          1,
          12,
          12,
          12,
          null,
          null,
          null,
          1,
          null,
          8,
          null,
          null,
          null,
          null,
          8,
          8,
          null,
          null,
          1,
          null,
          0,
          null,
          0,
          0,
          null,
          null,
          1,
          2,
          null,
          2,
          2,
          2,
          2,
          null,
          2,
          4,
          null,
          null,
          null,
          null,
          null,
          null,
          null,
          null,
          null
        ]
      }
    },
    "timestamp": 1751488442
  }
}
